SF:lib/app/bloc/todo_bloc.dart
DA:21,2
DA:28,4
DA:29,4
DA:30,4
DA:31,4
DA:32,4
DA:33,4
DA:34,4
DA:37,2
DA:38,4
DA:40,4
DA:42,6
DA:43,2
DA:44,2
DA:45,2
DA:46,2
DA:47,2
DA:48,6
DA:50,1
DA:54,2
DA:55,4
DA:57,10
DA:58,8
DA:59,4
DA:60,4
DA:62,0
DA:66,2
DA:67,4
DA:69,10
DA:70,8
DA:71,4
DA:72,4
DA:74,0
DA:78,2
DA:80,4
DA:82,10
DA:83,8
DA:84,4
DA:85,4
DA:87,0
DA:91,2
DA:92,4
DA:94,6
DA:95,4
DA:97,0
DA:101,2
DA:103,4
DA:105,10
DA:106,8
DA:107,4
DA:108,4
DA:110,0
LF:52
LH:47
end_of_record
SF:lib/data/repository_impl/todo_repository_impl.dart
DA:8,3
DA:10,3
DA:12,6
DA:13,15
DA:16,3
DA:18,9
DA:19,15
DA:22,3
DA:24,6
DA:27,3
DA:29,3
DA:30,3
DA:31,21
DA:32,3
DA:35,3
DA:37,9
DA:38,15
LF:17
LH:17
end_of_record
SF:lib/domain/usecase/add_todo_usecase.dart
DA:6,2
DA:8,2
DA:9,4
LF:3
LH:3
end_of_record
SF:lib/domain/usecase/delete_todo_usecase.dart
DA:6,2
DA:8,2
DA:9,4
LF:3
LH:3
end_of_record
SF:lib/domain/usecase/get_all_todo_usecase.dart
DA:6,2
DA:8,2
DA:9,4
LF:3
LH:3
end_of_record
SF:lib/domain/usecase/toggle_complete_todo_usecase.dart
DA:6,2
DA:8,2
DA:9,4
LF:3
LH:3
end_of_record
SF:lib/domain/usecase/undo_deleted_todo_usecase.dart
DA:6,2
DA:8,2
DA:9,4
LF:3
LH:3
end_of_record
SF:lib/domain/usecase/update_todo_usecase.dart
DA:6,2
DA:8,2
DA:9,4
LF:3
LH:3
end_of_record
SF:lib/cache/database/entity/todo.g.dart
DA:13,0
DA:15,0
DA:16,0
DA:17,0
DA:19,0
DA:20,0
DA:21,0
DA:22,0
DA:23,0
DA:27,0
DA:30,0
DA:31,0
DA:32,0
DA:33,0
DA:34,0
DA:35,0
DA:36,0
DA:37,0
DA:38,0
DA:41,0
DA:42,0
DA:44,0
DA:47,0
DA:48,0
DA:49,0
LF:25
LH:0
end_of_record
SF:lib/cache/database/entity/todo.dart
DA:19,3
LF:1
LH:1
end_of_record
SF:lib/data/entity/todo_data.dart
DA:6,3
LF:1
LH:1
end_of_record
SF:lib/domain/model/todo_domain.dart
DA:6,4
LF:1
LH:1
end_of_record
SF:lib/app/bloc/todo_event.dart
DA:5,3
DA:7,0
DA:8,0
DA:12,1
DA:13,1
DA:17,3
DA:21,1
DA:22,2
DA:26,3
DA:30,1
DA:31,2
DA:35,3
DA:39,1
DA:40,2
DA:44,3
DA:48,1
DA:49,1
DA:53,3
DA:57,1
DA:58,1
LF:20
LH:18
end_of_record
SF:lib/app/bloc/todo_state.dart
DA:6,9
DA:8,3
DA:9,3
DA:15,3
DA:19,3
DA:20,6
DA:24,8
LF:7
LH:7
end_of_record
SF:lib/app/model/todo_model.dart
DA:6,3
DA:10,2
DA:11,4
LF:3
LH:3
end_of_record
SF:lib/app/vo/todo_vo.dart
DA:8,4
DA:14,1
DA:15,5
LF:3
LH:3
end_of_record
SF:lib/app/helper/description_field_validator.dart.dart
DA:1,2
DA:2,2
DA:5,4
LF:3
LH:3
end_of_record
SF:lib/app/helper/title_field_validator.dart
DA:1,2
DA:2,2
DA:5,4
LF:3
LH:3
end_of_record
SF:lib/app/page/add/add_todo_screen.dart
DA:5,1
DA:7,1
DA:8,1
DA:12,1
DA:14,1
DA:16,1
LF:6
LH:6
end_of_record
SF:lib/app/page/home/home_screen.dart
DA:11,2
DA:13,1
DA:14,1
DA:18,1
DA:20,1
DA:21,1
DA:24,1
DA:25,3
DA:28,1
DA:29,1
DA:30,1
DA:33,1
DA:34,3
DA:39,1
DA:40,3
DA:41,1
DA:42,3
DA:43,1
DA:45,1
DA:46,2
DA:47,1
DA:49,1
DA:51,1
DA:52,3
DA:54,1
DA:56,1
DA:57,2
DA:59,1
DA:61,1
DA:62,2
LF:30
LH:30
end_of_record
SF:lib/app/routing/go_router.dart
DA:8,3
DA:9,1
DA:10,1
DA:12,1
DA:15,1
DA:16,1
DA:18,1
DA:22,1
DA:24,1
DA:25,1
DA:26,1
DA:27,1
LF:12
LH:12
end_of_record
SF:lib/app/helper/app_utils.dart
DA:4,1
DA:9,1
DA:10,1
DA:11,2
DA:12,1
DA:13,1
DA:15,2
LF:7
LH:7
end_of_record
SF:lib/app/page/add/component/add_todo_form.dart
DA:12,1
DA:14,1
DA:15,1
DA:23,1
DA:25,2
DA:26,1
DA:27,1
DA:28,1
DA:29,1
DA:32,1
DA:34,1
DA:41,1
DA:43,1
DA:50,1
DA:52,1
DA:55,1
DA:56,1
DA:57,3
DA:58,1
DA:59,1
DA:72,1
DA:73,1
DA:75,2
DA:76,2
DA:78,4
LF:25
LH:25
end_of_record
SF:lib/app/page/home/component/todo_list_item.dart
DA:12,1
DA:15,1
DA:17,1
DA:18,4
DA:20,1
DA:21,2
DA:22,1
DA:24,3
DA:26,3
DA:28,1
DA:37,1
DA:38,3
DA:39,1
DA:40,2
DA:43,2
DA:47,1
DA:48,2
DA:51,2
DA:58,1
DA:59,4
DA:63,2
DA:64,1
DA:65,2
LF:23
LH:23
end_of_record
SF:lib/app/page/update/component/update_todo_form.dart
DA:15,1
DA:19,1
DA:20,1
DA:29,1
DA:31,1
DA:32,5
DA:33,1
DA:34,4
DA:37,1
DA:39,2
DA:40,1
DA:41,1
DA:42,1
DA:43,1
DA:46,1
DA:48,1
DA:55,1
DA:57,1
DA:64,1
DA:66,1
DA:69,1
DA:70,1
DA:71,3
DA:72,1
DA:73,1
DA:86,1
DA:87,1
DA:88,3
DA:89,2
DA:90,2
DA:91,3
DA:92,4
LF:32
LH:32
end_of_record
SF:lib/app/page/update/update_todo_screen.dart
DA:8,1
DA:13,1
DA:14,1
DA:18,1
DA:20,1
DA:22,1
DA:25,1
DA:27,1
DA:28,2
LF:9
LH:9
end_of_record
